<?xml version="1.0" encoding="UTF-8"?>
<testsuite name="gradledependencytest.AppTest" tests="1" skipped="0" failures="0" errors="0" timestamp="2023-08-10T14:13:56" hostname="Cesars-MBP" time="0.012">
  <properties/>
  <testcase name="appHasAGreeting()" classname="gradledependencytest.AppTest" time="0.012"/>
  <system-out><![CDATA[]]></system-out>
  <system-err><![CDATA[]]></system-err>
</testsuite>
